<?xml version="1.0" encoding="UTF-8"?>
<testsuite name="raisetech5.StudentManagement5.service.StudentServiceTest" tests="1" skipped="0" failures="0" errors="0" timestamp="2024-12-02T11:11:16" hostname="OWNER-PC" time="3.002">
  <properties/>
  <testcase name="受講生詳細の更新_studentDetailの処理が適切に呼び出せていること()" classname="raisetech5.StudentManagement5.service.StudentServiceTest" time="3.002"/>
  <system-out><![CDATA[]]></system-out>
  <system-err><![CDATA[WARNING: A Java agent has been loaded dynamically (C:\Users\Owner\Downloads\-8.8-bin\caches\modules-2\files-2.1\net.bytebuddy\byte-buddy-agent\1.14.17\e3c251a39dc90badaf71c83427ba46840f219d8d\byte-buddy-agent-1.14.17.jar)
WARNING: If a serviceability tool is in use, please run with -XX:+EnableDynamicAgentLoading to hide this warning
WARNING: If a serviceability tool is not in use, please run with -Djdk.instrument.traceUsage for more information
WARNING: Dynamic loading of agents will be disallowed by default in a future release
]]></system-err>
</testsuite>
