<?xml version="1.0" encoding="UTF-8"?>
<testsuite name="raisetech5.StudentManagement5.controller.StudentControllerTest２" tests="5" skipped="0" failures="0" errors="0" timestamp="2024-12-26T10:37:53" hostname="OWNER-PC" time="1.2">
  <properties/>
  <testcase name="名前で検索できること()" classname="raisetech5.StudentManagement5.controller.StudentControllerTest２" time="0.858"/>
  <testcase name="検索条件なしで全ての受講生を取得できること()" classname="raisetech5.StudentManagement5.controller.StudentControllerTest２" time="0.032"/>
  <testcase name="新規の申込状況を作成できること()" classname="raisetech5.StudentManagement5.controller.StudentControllerTest２" time="0.194"/>
  <testcase name="申込状況を更新できること()" classname="raisetech5.StudentManagement5.controller.StudentControllerTest２" time="0.048"/>
  <testcase name="コース情報IDで申込状況を取得できること()" classname="raisetech5.StudentManagement5.controller.StudentControllerTest２" time="0.026"/>
  <system-out><![CDATA[19:37:46.994 [Test worker] INFO org.springframework.test.context.support.AnnotationConfigContextLoaderUtils -- Could not detect default configuration classes for test class [raisetech5.StudentManagement5.controller.StudentControllerTest２]: StudentControllerTest２ does not declare any static, non-private, non-final, nested classes annotated with @Configuration.
19:37:47.400 [Test worker] INFO org.springframework.boot.test.context.SpringBootTestContextBootstrapper -- Found @SpringBootConfiguration raisetech5.StudentManagement5.StudentManagement5Application for test class raisetech5.StudentManagement5.controller.StudentControllerTest２

  .   ____          _            __ _ _
 /\\ / ___'_ __ _ _(_)_ __  __ _ \ \ \ \
( ( )\___ | '_ | '_| | '_ \/ _` | \ \ \ \
 \\/  ___)| |_)| | | | | || (_| |  ) ) ) )
  '  |____| .__|_| |_|_| |_\__, | / / / /
 =========|_|==============|___/=/_/_/_/

 :: Spring Boot ::                (v3.3.1)

2024-12-26T19:37:48.436+09:00  INFO 8288 --- [StudentManagement5] [    Test worker] r.S.controller.StudentControllerTest２    : Starting StudentControllerTest２ using Java 21.0.3 with PID 8288 (started by Owner in C:\Users\Owner\Downloads\StudentManagement5\StudentManagement5)
2024-12-26T19:37:48.444+09:00  INFO 8288 --- [StudentManagement5] [    Test worker] r.S.controller.StudentControllerTest２    : No active profile set, falling back to 1 default profile: "default"
2024-12-26T19:37:53.406+09:00  INFO 8288 --- [StudentManagement5] [    Test worker] o.s.b.t.m.w.SpringBootMockServletContext : Initializing Spring TestDispatcherServlet ''
2024-12-26T19:37:53.406+09:00  INFO 8288 --- [StudentManagement5] [    Test worker] o.s.t.web.servlet.TestDispatcherServlet  : Initializing Servlet ''
2024-12-26T19:37:53.414+09:00  INFO 8288 --- [StudentManagement5] [    Test worker] o.s.t.web.servlet.TestDispatcherServlet  : Completed initialization in 0 ms
2024-12-26T19:37:53.499+09:00  INFO 8288 --- [StudentManagement5] [    Test worker] r.S.controller.StudentControllerTest２    : Started StudentControllerTest２ in 5.89 seconds (process running for 8.445)
]]></system-out>
  <system-err><![CDATA[WARNING: A Java agent has been loaded dynamically (C:\Users\Owner\Downloads\-8.8-bin\caches\modules-2\files-2.1\net.bytebuddy\byte-buddy-agent\1.14.17\e3c251a39dc90badaf71c83427ba46840f219d8d\byte-buddy-agent-1.14.17.jar)
WARNING: If a serviceability tool is in use, please run with -XX:+EnableDynamicAgentLoading to hide this warning
WARNING: If a serviceability tool is not in use, please run with -Djdk.instrument.traceUsage for more information
WARNING: Dynamic loading of agents will be disallowed by default in a future release
]]></system-err>
</testsuite>
