<?xml version="1.0" encoding="UTF-8"?>
<testsuite name="raisetech5.StudentManagement5.repository.StudentRepositoryTest" tests="1" skipped="0" failures="0" errors="0" timestamp="2024-12-02T07:47:48" hostname="OWNER-PC" time="1.748">
  <properties/>
  <testcase name="testConvertStudentDetails()" classname="raisetech5.StudentManagement5.repository.StudentRepositoryTest" time="1.748"/>
  <system-out><![CDATA[16:47:44.623 [Test worker] INFO org.springframework.test.context.support.AnnotationConfigContextLoaderUtils -- Could not detect default configuration classes for test class [raisetech5.StudentManagement5.repository.StudentRepositoryTest]: StudentRepositoryTest does not declare any static, non-private, non-final, nested classes annotated with @Configuration.
16:47:45.006 [Test worker] INFO org.springframework.boot.test.context.SpringBootTestContextBootstrapper -- Found @SpringBootConfiguration raisetech5.StudentManagement5.StudentManagement5Application for test class raisetech5.StudentManagement5.repository.StudentRepositoryTest

  .   ____          _            __ _ _
 /\\ / ___'_ __ _ _(_)_ __  __ _ \ \ \ \
( ( )\___ | '_ | '_| | '_ \/ _` | \ \ \ \
 \\/  ___)| |_)| | | | | || (_| |  ) ) ) )
  '  |____| .__|_| |_|_| |_\__, | / / / /
 =========|_|==============|___/=/_/_/_/

 :: Spring Boot ::                (v3.3.1)

2024-12-02T16:47:45.863+09:00  INFO 7544 --- [StudentManagement5] [    Test worker] r.S.repository.StudentRepositoryTest     : Starting StudentRepositoryTest using Java 21.0.3 with PID 7544 (started by Owner in C:\Users\Owner\Downloads\StudentManagement5\StudentManagement5)
2024-12-02T16:47:45.863+09:00  INFO 7544 --- [StudentManagement5] [    Test worker] r.S.repository.StudentRepositoryTest     : No active profile set, falling back to 1 default profile: "default"
2024-12-02T16:47:46.929+09:00  INFO 7544 --- [StudentManagement5] [    Test worker] beddedDataSourceBeanFactoryPostProcessor : Replacing 'dataSource' DataSource bean with embedded version
2024-12-02T16:47:47.379+09:00  INFO 7544 --- [StudentManagement5] [    Test worker] o.s.j.d.e.EmbeddedDatabaseFactory        : Starting embedded database: url='jdbc:h2:mem:c60489ca-20bb-4f3a-b2fb-9a69287a9a34;DB_CLOSE_DELAY=-1;DB_CLOSE_ON_EXIT=false', username='sa'
2024-12-02T16:47:48.244+09:00  INFO 7544 --- [StudentManagement5] [    Test worker] r.S.repository.StudentRepositoryTest     : Started StudentRepositoryTest in 3.04 seconds (process running for 5.97)
]]></system-out>
  <system-err><![CDATA[WARNING: A Java agent has been loaded dynamically (C:\Users\Owner\Downloads\-8.8-bin\caches\modules-2\files-2.1\net.bytebuddy\byte-buddy-agent\1.14.17\e3c251a39dc90badaf71c83427ba46840f219d8d\byte-buddy-agent-1.14.17.jar)
WARNING: If a serviceability tool is in use, please run with -XX:+EnableDynamicAgentLoading to hide this warning
WARNING: If a serviceability tool is not in use, please run with -Djdk.instrument.traceUsage for more information
WARNING: Dynamic loading of agents will be disallowed by default in a future release
]]></system-err>
</testsuite>
