<?xml version="1.0" encoding="UTF-8"?>
<testsuite name="raisetech5.StudentManagement5.repository.StudentRepositoryTest" tests="7" skipped="0" failures="0" errors="0" timestamp="2024-12-14T13:33:55" hostname="OWNER-PC" time="3.321">
  <properties/>
  <testcase name="受講生が検索できること()" classname="raisetech5.StudentManagement5.repository.StudentRepositoryTest" time="2.981"/>
  <testcase name="受講生コースの全件検索ができること()" classname="raisetech5.StudentManagement5.repository.StudentRepositoryTest" time="0.125"/>
  <testcase name="受講生コース情報が検索できること()" classname="raisetech5.StudentManagement5.repository.StudentRepositoryTest" time="0.062"/>
  <testcase name="受講生の全件検索が行えること()" classname="raisetech5.StudentManagement5.repository.StudentRepositoryTest" time="0.012"/>
  <testcase name="受講生の登録が行えること()" classname="raisetech5.StudentManagement5.repository.StudentRepositoryTest" time="0.021"/>
  <testcase name="受講生コース情報のコース名を更新できること()" classname="raisetech5.StudentManagement5.repository.StudentRepositoryTest" time="0.061"/>
  <testcase name="受講生を更新できること()" classname="raisetech5.StudentManagement5.repository.StudentRepositoryTest" time="0.025"/>
  <system-out><![CDATA[22:33:49.480 [Test worker] INFO org.springframework.test.context.support.AnnotationConfigContextLoaderUtils -- Could not detect default configuration classes for test class [raisetech5.StudentManagement5.repository.StudentRepositoryTest]: StudentRepositoryTest does not declare any static, non-private, non-final, nested classes annotated with @Configuration.
22:33:49.897 [Test worker] INFO org.springframework.boot.test.context.SpringBootTestContextBootstrapper -- Found @SpringBootConfiguration raisetech5.StudentManagement5.StudentManagement5Application for test class raisetech5.StudentManagement5.repository.StudentRepositoryTest

  .   ____          _            __ _ _
 /\\ / ___'_ __ _ _(_)_ __  __ _ \ \ \ \
( ( )\___ | '_ | '_| | '_ \/ _` | \ \ \ \
 \\/  ___)| |_)| | | | | || (_| |  ) ) ) )
  '  |____| .__|_| |_|_| |_\__, | / / / /
 =========|_|==============|___/=/_/_/_/

 :: Spring Boot ::                (v3.3.1)

2024-12-14T22:33:51.122+09:00  INFO 9812 --- [StudentManagement5] [    Test worker] r.S.repository.StudentRepositoryTest     : Starting StudentRepositoryTest using Java 21.0.3 with PID 9812 (started by Owner in C:\Users\Owner\Downloads\StudentManagement5\StudentManagement5)
2024-12-14T22:33:51.122+09:00  INFO 9812 --- [StudentManagement5] [    Test worker] r.S.repository.StudentRepositoryTest     : No active profile set, falling back to 1 default profile: "default"
2024-12-14T22:33:53.273+09:00  INFO 9812 --- [StudentManagement5] [    Test worker] beddedDataSourceBeanFactoryPostProcessor : Replacing 'dataSource' DataSource bean with embedded version
2024-12-14T22:33:54.163+09:00  INFO 9812 --- [StudentManagement5] [    Test worker] o.s.j.d.e.EmbeddedDatabaseFactory        : Starting embedded database: url='jdbc:h2:mem:c372f137-36f9-4039-80fa-10595484adb4;DB_CLOSE_DELAY=-1;DB_CLOSE_ON_EXIT=false', username='sa'
2024-12-14T22:33:55.928+09:00  INFO 9812 --- [StudentManagement5] [    Test worker] r.S.repository.StudentRepositoryTest     : Started StudentRepositoryTest in 5.784 seconds (process running for 8.827)
]]></system-out>
  <system-err><![CDATA[WARNING: A Java agent has been loaded dynamically (C:\Users\Owner\Downloads\-8.8-bin\caches\modules-2\files-2.1\net.bytebuddy\byte-buddy-agent\1.14.17\e3c251a39dc90badaf71c83427ba46840f219d8d\byte-buddy-agent-1.14.17.jar)
WARNING: If a serviceability tool is in use, please run with -XX:+EnableDynamicAgentLoading to hide this warning
WARNING: If a serviceability tool is not in use, please run with -Djdk.instrument.traceUsage for more information
WARNING: Dynamic loading of agents will be disallowed by default in a future release
]]></system-err>
</testsuite>
